
===========================================================================
SCRATCHOS
LOGFILE
Datum: Fri Apr 30 12:17:25 2021
===========================================================================

Fri Apr 30 12:17:25 2021 : Laden der Benutzeroberfläche...
Fri Apr 30 12:17:25 2021 : Setup: Fenster geladen.
Fri Apr 30 12:17:25 2021 : Setup: Fenstergröße festgelegt.
Fri Apr 30 12:17:25 2021 : Setup: Fenstergröße als nicht veränderbar festgelegt.
Fri Apr 30 12:17:25 2021 : Setup: Fenster geladen.
Fri Apr 30 12:17:25 2021 : Setup: Logo laden...
Fri Apr 30 12:17:25 2021 : Setup: Logo geladen.
Fri Apr 30 12:17:25 2021 : Setup: Logo anzeigen...
Fri Apr 30 12:17:25 2021 : Setup: Logo fertig gepackt.
Fri Apr 30 12:17:25 2021 : Setup: Labels laden...
Fri Apr 30 12:17:25 2021 : Setup: Labels geladen
Fri Apr 30 12:17:25 2021 : Setup: Loginbutton wird geladen...
Fri Apr 30 12:17:25 2021 : Setup: Loginbutton geladen.
Fri Apr 30 12:17:25 2021 : Setup: Fenster Mainloop ausführen
Fri Apr 30 12:17:28 2021 : Pfad der Datenbank:system/USERDATA/USERS.db
Fri Apr 30 12:17:28 2021 : Datenbank existiert schon, Nutzer werden nicht erzeugt
Fri Apr 30 12:17:28 2021 : Login: Fenster geladen.
Fri Apr 30 12:17:28 2021 : Login: Fenstergröße festgelegt.
Fri Apr 30 12:17:28 2021 : Login: Fenstergröße als nicht veränderbar festgelegt.
Fri Apr 30 12:17:28 2021 : Login: Fenster geladen.
Fri Apr 30 12:17:28 2021 : Login: Logo laden...
Fri Apr 30 12:17:28 2021 : Login: Logo geladen.
Fri Apr 30 12:17:28 2021 : Login: Logo anzeigen...
Fri Apr 30 12:17:28 2021 : Login: Logo fertig gepackt.
Fri Apr 30 12:17:28 2021 : Login: Labels laden...
Fri Apr 30 12:17:28 2021 : Login: Labels geladen
